-------------------------------------------------------------------------------
Test set: org.pr2.GraphTest
-------------------------------------------------------------------------------
Tests run: 12, Failures: 1, Errors: 0, Skipped: 0, Time elapsed: 0.067 s <<< FAILURE! - in org.pr2.GraphTest
onePathFindsAPath(org.pr2.GraphTest)  Time elapsed: 0.01 s  <<< FAILURE!
java.lang.AssertionError: expected:<[1, 5, 6, 4]> but was:<[1]>
	at org.pr2.GraphTest.onePathFindsAPath(GraphTest.java:120)

